{
  "stats": {
    "suites": 6,
    "tests": 34,
    "passes": 34,
    "pending": 0,
    "failures": 0,
    "testsRegistered": 34,
    "passPercent": 100,
    "pendingPercent": 0,
    "other": 0,
    "hasOther": false,
    "skipped": 0,
    "hasSkipped": false,
    "start": "2025-10-04T14:25:50.761Z",
    "end": "2025-10-04T15:14:21.309Z",
    "duration": 2910548
  },
  "results": [
    {
      "uuid": "fd8f412f-06d8-45d1-bc2e-f20d374599b6",
      "title": "",
      "fullFile": "cypress\\e2e\\GuestCheckout.cy.js",
      "file": "cypress\\e2e\\GuestCheckout.cy.js",
      "beforeHooks": [],
      "afterHooks": [],
      "tests": [],
      "suites": [
        {
          "uuid": "420efd7a-aa7d-455c-b814-16b1838302f7",
          "title": "US06 - Misafir Olarak Satin Alma Akisi",
          "fullFile": "",
          "file": "",
          "beforeHooks": [],
          "afterHooks": [],
          "tests": [
            {
              "title": "TC33 - Misafir Olarak Basarili Ödeme Adimina Gecme",
              "fullTitle": "US06 - Misafir Olarak Satin Alma Akisi TC33 - Misafir Olarak Basarili Ödeme Adimina Gecme",
              "timedOut": null,
              "duration": 25360,
              "state": "passed",
              "speed": "slow",
              "pass": true,
              "fail": false,
              "pending": false,
              "context": null,
              "code": "_GuestCheckoutPage.default.fillNewGuestAddress(guestInfo.name, guestInfo.email, guestInfo.city, guestInfo.town, guestInfo.district, guestInfo.fullAddress, guestInfo.phone);\n_GuestCheckoutPage.default.clickSaveAddressButton();\n_PaymentFlowPage.default.verifyPaymentPageLoaded();",
              "err": {},
              "uuid": "19a256c3-b2ae-4bb8-b2f0-cd5a8ecbf2ca",
              "parentUUID": "420efd7a-aa7d-455c-b814-16b1838302f7",
              "isHook": false,
              "skipped": false
            },
            {
              "title": "TC34 - Boş Adres Alani ile Misafir Olarak Devam Etme",
              "fullTitle": "US06 - Misafir Olarak Satin Alma Akisi TC34 - Boş Adres Alani ile Misafir Olarak Devam Etme",
              "timedOut": null,
              "duration": 19625,
              "state": "passed",
              "speed": "slow",
              "pass": true,
              "fail": false,
              "pending": false,
              "context": null,
              "code": "_GuestCheckoutPage.default.fillNewGuestAddress(guestInfo.name, guestInfo.email, guestInfo.city, guestInfo.town, guestInfo.district, ' ', guestInfo.phone);\n_GuestCheckoutPage.default.clickSaveAddressButton();\n_GuestCheckoutPage.default.verifyErrorMessage();",
              "err": {},
              "uuid": "d737a429-9223-4f11-a21d-9101a25d67d4",
              "parentUUID": "420efd7a-aa7d-455c-b814-16b1838302f7",
              "isHook": false,
              "skipped": false
            }
          ],
          "suites": [],
          "passes": [
            "19a256c3-b2ae-4bb8-b2f0-cd5a8ecbf2ca",
            "d737a429-9223-4f11-a21d-9101a25d67d4"
          ],
          "failures": [],
          "pending": [],
          "skipped": [],
          "duration": 44985,
          "root": false,
          "rootEmpty": false,
          "_timeout": 2000
        }
      ],
      "passes": [],
      "failures": [],
      "pending": [],
      "skipped": [],
      "duration": 0,
      "root": true,
      "rootEmpty": true,
      "_timeout": 2000
    },
    {
      "uuid": "8b108392-f4ce-49e7-af26-4a51b1f6ba01",
      "title": "",
      "fullFile": "cypress\\e2e\\PaymentFlow.cy.js",
      "file": "cypress\\e2e\\PaymentFlow.cy.js",
      "beforeHooks": [],
      "afterHooks": [],
      "tests": [],
      "suites": [
        {
          "uuid": "081421bf-ce4f-4cb9-bb2d-13c51bd75c61",
          "title": "US05 - Ödeme ve Sipariş Onayi",
          "fullFile": "",
          "file": "",
          "beforeHooks": [],
          "afterHooks": [],
          "tests": [
            {
              "title": "TC29 - Ürün Detay Sayfasindan Adres Bilgisi Sayfasina Yönlendirme",
              "fullTitle": "US05 - Ödeme ve Sipariş Onayi TC29 - Ürün Detay Sayfasindan Adres Bilgisi Sayfasina Yönlendirme",
              "timedOut": null,
              "duration": 27736,
              "state": "passed",
              "speed": "slow",
              "pass": true,
              "fail": false,
              "pending": false,
              "context": null,
              "code": "_PaymentFlowPage.default.clickBuyButton();\n_PaymentFlowPage.default.verifyAddressPageLoaded();",
              "err": {},
              "uuid": "b8259081-4310-46a3-964b-15834f13c0be",
              "parentUUID": "081421bf-ce4f-4cb9-bb2d-13c51bd75c61",
              "isHook": false,
              "skipped": false
            },
            {
              "title": "TC30 - Ödeme Sayfasina Gecis",
              "fullTitle": "US05 - Ödeme ve Sipariş Onayi TC30 - Ödeme Sayfasina Gecis",
              "timedOut": null,
              "duration": 30182,
              "state": "passed",
              "speed": "slow",
              "pass": true,
              "fail": false,
              "pending": false,
              "context": null,
              "code": "_PaymentFlowPage.default.clickBuyButton();\n_PaymentFlowPage.default.verifyAddressPageLoaded();\n_PaymentFlowPage.default.clickContinueToPaymentButton();\n_PaymentFlowPage.default.verifyPaymentPageLoaded();\n_PaymentFlowPage.default.verifyPaymentOptionsVisible();",
              "err": {},
              "uuid": "7c5568a5-6af7-4f98-af39-fafab787db93",
              "parentUUID": "081421bf-ce4f-4cb9-bb2d-13c51bd75c61",
              "isHook": false,
              "skipped": false
            },
            {
              "title": "TC31 - Kredi Karti Ödeme Tipi Secimi ve Taksit Seceneklerinin Kontrolü",
              "fullTitle": "US05 - Ödeme ve Sipariş Onayi TC31 - Kredi Karti Ödeme Tipi Secimi ve Taksit Seceneklerinin Kontrolü",
              "timedOut": null,
              "duration": 33085,
              "state": "passed",
              "speed": "slow",
              "pass": true,
              "fail": false,
              "pending": false,
              "context": null,
              "code": "_PaymentFlowPage.default.clickBuyButton();\n_PaymentFlowPage.default.verifyAddressPageLoaded();\n_PaymentFlowPage.default.clickContinueToPaymentButton();\n_PaymentFlowPage.default.verifyPaymentPageLoaded();\n_PaymentFlowPage.default.selectCreditCardPayment();\n_PaymentFlowPage.default.verifyCardInformationInputVisible();\n_PaymentFlowPage.default.fillCreditCardForm(fakeCard.name, fakeCard.number, fakeCard.expiry, fakeCard.cvc);\n_PaymentFlowPage.default.verifyPaymentButtonIsActive();",
              "err": {},
              "uuid": "39641196-e091-47b4-a90a-26274e10b01b",
              "parentUUID": "081421bf-ce4f-4cb9-bb2d-13c51bd75c61",
              "isHook": false,
              "skipped": false
            },
            {
              "title": "TC32 - Eksik Kart Bilgileriyle Butonun Pasif Kalmasi ve Hata Kontrolü",
              "fullTitle": "US05 - Ödeme ve Sipariş Onayi TC32 - Eksik Kart Bilgileriyle Butonun Pasif Kalmasi ve Hata Kontrolü",
              "timedOut": null,
              "duration": 30520,
              "state": "passed",
              "speed": "slow",
              "pass": true,
              "fail": false,
              "pending": false,
              "context": null,
              "code": "_PaymentFlowPage.default.clickBuyButton();\n_PaymentFlowPage.default.verifyAddressPageLoaded();\n_PaymentFlowPage.default.clickContinueToPaymentButton();\n_PaymentFlowPage.default.verifyPaymentPageLoaded();\n_PaymentFlowPage.default.selectCreditCardPayment();\n_PaymentFlowPage.default.verifyPaymentButtonIsInactive();\n_PaymentFlowPage.default.clickPaymentSubmitButton();\n_PaymentFlowPage.default.verifyErrorMessage();",
              "err": {},
              "uuid": "788cf9a7-5a5b-4b16-845b-9249df23d0ef",
              "parentUUID": "081421bf-ce4f-4cb9-bb2d-13c51bd75c61",
              "isHook": false,
              "skipped": false
            }
          ],
          "suites": [],
          "passes": [
            "b8259081-4310-46a3-964b-15834f13c0be",
            "7c5568a5-6af7-4f98-af39-fafab787db93",
            "39641196-e091-47b4-a90a-26274e10b01b",
            "788cf9a7-5a5b-4b16-845b-9249df23d0ef"
          ],
          "failures": [],
          "pending": [],
          "skipped": [],
          "duration": 121523,
          "root": false,
          "rootEmpty": false,
          "_timeout": 2000
        }
      ],
      "passes": [],
      "failures": [],
      "pending": [],
      "skipped": [],
      "duration": 0,
      "root": true,
      "rootEmpty": true,
      "_timeout": 2000
    },
    {
      "uuid": "e56a1a5d-1b86-48de-b7be-74950868dfd2",
      "title": "",
      "fullFile": "cypress\\e2e\\ProductDetail.cy.js",
      "file": "cypress\\e2e\\ProductDetail.cy.js",
      "beforeHooks": [],
      "afterHooks": [],
      "tests": [],
      "suites": [
        {
          "uuid": "8e482b35-59a0-4b7e-95a2-779d679120e3",
          "title": "US03 - Ürün Detay Sayfasi Görüntüleme ve Sepete Ekleme",
          "fullFile": "",
          "file": "",
          "beforeHooks": [],
          "afterHooks": [],
          "tests": [
            {
              "title": "TC17 - Ürüne Tiklayip Detay Sayfasina Yönlendirildiğinin Dogrulamasi (Kart üzerindeki Sepete Ekle butonunun islevselligi)",
              "fullTitle": "US03 - Ürün Detay Sayfasi Görüntüleme ve Sepete Ekleme TC17 - Ürüne Tiklayip Detay Sayfasina Yönlendirildiğinin Dogrulamasi (Kart üzerindeki Sepete Ekle butonunun islevselligi)",
              "timedOut": null,
              "duration": 19494,
              "state": "passed",
              "speed": "slow",
              "pass": true,
              "fail": false,
              "pending": false,
              "context": null,
              "code": "_ProductDetailPage.default.verifyProductDetailPage(productName);",
              "err": {},
              "uuid": "d25b24f7-88a2-475d-835a-e3fc94835886",
              "parentUUID": "8e482b35-59a0-4b7e-95a2-779d679120e3",
              "isHook": false,
              "skipped": false
            },
            {
              "title": "TC18 - Temel Ürün Bilgileri Arayüz Dogrulamasi",
              "fullTitle": "US03 - Ürün Detay Sayfasi Görüntüleme ve Sepete Ekleme TC18 - Temel Ürün Bilgileri Arayüz Dogrulamasi",
              "timedOut": null,
              "duration": 17879,
              "state": "passed",
              "speed": "slow",
              "pass": true,
              "fail": false,
              "pending": false,
              "context": null,
              "code": "cy.get('@dynamicPrice').then(dynamicPrice => {\n  _ProductDetailPage.default.verifyProductBasicInfo(productName, productAuthor, productPublisher, dynamicPrice);\n});",
              "err": {},
              "uuid": "aa561666-2cf3-4944-bae3-1d01fa4dc1f0",
              "parentUUID": "8e482b35-59a0-4b7e-95a2-779d679120e3",
              "isHook": false,
              "skipped": false
            },
            {
              "title": "TC19 - \"Ürün Hakkinda Bilgiler\" Bölümü Dogrulamasi",
              "fullTitle": "US03 - Ürün Detay Sayfasi Görüntüleme ve Sepete Ekleme TC19 - \"Ürün Hakkinda Bilgiler\" Bölümü Dogrulamasi",
              "timedOut": null,
              "duration": 16538,
              "state": "passed",
              "speed": "slow",
              "pass": true,
              "fail": false,
              "pending": false,
              "context": null,
              "code": "_ProductDetailPage.default.verifyProductDetailedInfo();",
              "err": {},
              "uuid": "7e2bb4b4-b6a7-48a4-aa1a-42b2aead993f",
              "parentUUID": "8e482b35-59a0-4b7e-95a2-779d679120e3",
              "isHook": false,
              "skipped": false
            },
            {
              "title": "TC20 - Sepete Ekle Butonunun Islevselligini dogrulamasi",
              "fullTitle": "US03 - Ürün Detay Sayfasi Görüntüleme ve Sepete Ekleme TC20 - Sepete Ekle Butonunun Islevselligini dogrulamasi",
              "timedOut": null,
              "duration": 16208,
              "state": "passed",
              "speed": "slow",
              "pass": true,
              "fail": false,
              "pending": false,
              "context": null,
              "code": "_ProductDetailPage.default.getCurrentCartCount().then(initialCount => {\n  const expectedCount = initialCount + 1;\n  _ProductDetailPage.default.clickAddToCartButton();\n  _ProductDetailPage.default.verifySuccessfulAddToCartMessage();\n  _ProductDetailPage.default.closeAddToCartModal();\n  _ProductDetailPage.default.verifyCartIconCount(expectedCount);\n});",
              "err": {},
              "uuid": "f6b83436-f6a2-4d94-98bf-0d885c14c1c4",
              "parentUUID": "8e482b35-59a0-4b7e-95a2-779d679120e3",
              "isHook": false,
              "skipped": false
            }
          ],
          "suites": [],
          "passes": [
            "d25b24f7-88a2-475d-835a-e3fc94835886",
            "aa561666-2cf3-4944-bae3-1d01fa4dc1f0",
            "7e2bb4b4-b6a7-48a4-aa1a-42b2aead993f",
            "f6b83436-f6a2-4d94-98bf-0d885c14c1c4"
          ],
          "failures": [],
          "pending": [],
          "skipped": [],
          "duration": 70119,
          "root": false,
          "rootEmpty": false,
          "_timeout": 2000
        }
      ],
      "passes": [],
      "failures": [],
      "pending": [],
      "skipped": [],
      "duration": 0,
      "root": true,
      "rootEmpty": true,
      "_timeout": 2000
    },
    {
      "uuid": "1794ca11-e9e2-447f-b411-6849ebf63cad",
      "title": "",
      "fullFile": "cypress\\e2e\\Search.cy.js",
      "file": "cypress\\e2e\\Search.cy.js",
      "beforeHooks": [],
      "afterHooks": [],
      "tests": [],
      "suites": [
        {
          "uuid": "fae2842d-b02d-4720-a77f-5d4388e7ace4",
          "title": "US02 - Ürün Arama ve Listeleme Islemleri",
          "fullFile": "",
          "file": "",
          "beforeHooks": [],
          "afterHooks": [],
          "tests": [
            {
              "title": "TC09 - Basarili Ürün Arama ve Sonuc Dogrulama",
              "fullTitle": "US02 - Ürün Arama ve Listeleme Islemleri TC09 - Basarili Ürün Arama ve Sonuc Dogrulama",
              "timedOut": null,
              "duration": 18466,
              "state": "passed",
              "speed": "slow",
              "pass": true,
              "fail": false,
              "pending": false,
              "context": null,
              "code": "const searchQuery = 'nutuk';\n_SearchPage.default.search(searchQuery);\n_SearchPage.default.verifySearchInputCleared();\n_SearchPage.default.verifyFirstSearchResult(searchQuery);",
              "err": {},
              "uuid": "149df8bd-2ff0-4a0d-ab16-30ddfa04e610",
              "parentUUID": "fae2842d-b02d-4720-a77f-5d4388e7ace4",
              "isHook": false,
              "skipped": false
            },
            {
              "title": "TC10 - Bulunmayan Ürün Aramasi",
              "fullTitle": "US02 - Ürün Arama ve Listeleme Islemleri TC10 - Bulunmayan Ürün Aramasi",
              "timedOut": null,
              "duration": 12217,
              "state": "passed",
              "speed": "slow",
              "pass": true,
              "fail": false,
              "pending": false,
              "context": null,
              "code": "const searchQuery = 'asdfghj';\n_SearchPage.default.search(searchQuery);\n_SearchPage.default.verifyNoSearchResults(searchQuery);",
              "err": {},
              "uuid": "2e17482c-b865-434f-8a47-cf0d727229e4",
              "parentUUID": "fae2842d-b02d-4720-a77f-5d4388e7ace4",
              "isHook": false,
              "skipped": false
            },
            {
              "title": "TC11 - Ürün Karti Arayuz Dogrulamasi",
              "fullTitle": "US02 - Ürün Arama ve Listeleme Islemleri TC11 - Ürün Karti Arayuz Dogrulamasi",
              "timedOut": null,
              "duration": 14728,
              "state": "passed",
              "speed": "slow",
              "pass": true,
              "fail": false,
              "pending": false,
              "context": null,
              "code": "_SearchPage.default.search('denizler altında yirmibin fersah');\n_SearchPage.default.verifyProductCardUI();",
              "err": {},
              "uuid": "146836ce-d1d2-4e99-9744-46f009093815",
              "parentUUID": "fae2842d-b02d-4720-a77f-5d4388e7ace4",
              "isHook": false,
              "skipped": false
            },
            {
              "title": "TC12 - Ürün Siralama Fonksiyonu (Fiyat Azalan)",
              "fullTitle": "US02 - Ürün Arama ve Listeleme Islemleri TC12 - Ürün Siralama Fonksiyonu (Fiyat Azalan)",
              "timedOut": null,
              "duration": 28959,
              "state": "passed",
              "speed": "slow",
              "pass": true,
              "fail": false,
              "pending": false,
              "context": null,
              "code": "_SearchPage.default.search('saatleri ayarlama enstitüsü');\n_SearchPage.default.sortByPriceHighToLow();\n_SearchPage.default.verifyProductsSortedByPrice();",
              "err": {},
              "uuid": "e874aa7c-f025-4fa3-be1a-058a729a403d",
              "parentUUID": "fae2842d-b02d-4720-a77f-5d4388e7ace4",
              "isHook": false,
              "skipped": false
            },
            {
              "title": "TC13 - Filtreleme Fonksiyonu",
              "fullTitle": "US02 - Ürün Arama ve Listeleme Islemleri TC13 - Filtreleme Fonksiyonu",
              "timedOut": null,
              "duration": 22159,
              "state": "passed",
              "speed": "slow",
              "pass": true,
              "fail": false,
              "pending": false,
              "context": null,
              "code": "_SearchPage.default.search('kitap');\n_SearchPage.default.clickCategoryFilter('Dünyanın En İyi Kitapları');\n_SearchPage.default.clickBrandOption('Doğan Kitap');\n_SearchPage.default.clickModelOption(' Haruki Murakami');\n_SearchPage.default.clickApplyFilterButton();\n_SearchPage.default.verifyFilterApplied('brand=');\n_SearchPage.default.verifyFilterApplied('model=');",
              "err": {},
              "uuid": "93d93412-7a93-4d5c-83b1-2844417cd2cc",
              "parentUUID": "fae2842d-b02d-4720-a77f-5d4388e7ace4",
              "isHook": false,
              "skipped": false
            },
            {
              "title": "TC14 - Ana Sayfa Kategori Navigasyonu",
              "fullTitle": "US02 - Ürün Arama ve Listeleme Islemleri TC14 - Ana Sayfa Kategori Navigasyonu",
              "timedOut": null,
              "duration": 8262,
              "state": "passed",
              "speed": "medium",
              "pass": true,
              "fail": false,
              "pending": false,
              "context": null,
              "code": "const categoryName = 'Roman';\n_SearchPage.default.navigateToCategory(categoryName);\n_SearchPage.default.verifyCategoryPage(categoryName);",
              "err": {},
              "uuid": "89f1fed4-a742-481c-bd2e-00282b67f7f3",
              "parentUUID": "fae2842d-b02d-4720-a77f-5d4388e7ace4",
              "isHook": false,
              "skipped": false
            },
            {
              "title": "TC15 - Ürün Karti Üzerinde \"Sepete Ekle\" (hover) Butonu Dogrulamasi",
              "fullTitle": "US02 - Ürün Arama ve Listeleme Islemleri TC15 - Ürün Karti Üzerinde \"Sepete Ekle\" (hover) Butonu Dogrulamasi",
              "timedOut": null,
              "duration": 14000,
              "state": "passed",
              "speed": "slow",
              "pass": true,
              "fail": false,
              "pending": false,
              "context": null,
              "code": "_SearchPage.default.search('körlük');\n_SearchPage.default.verifyAddToCartOnHover();",
              "err": {},
              "uuid": "2c06bf88-b821-4f14-a853-918ce303298b",
              "parentUUID": "fae2842d-b02d-4720-a77f-5d4388e7ace4",
              "isHook": false,
              "skipped": false
            },
            {
              "title": "TC16 - Sayfa Kaydirma (Scroll) ile Ürün Sayfasi Yükleme",
              "fullTitle": "US02 - Ürün Arama ve Listeleme Islemleri TC16 - Sayfa Kaydirma (Scroll) ile Ürün Sayfasi Yükleme",
              "timedOut": null,
              "duration": 24789,
              "state": "passed",
              "speed": "slow",
              "pass": true,
              "fail": false,
              "pending": false,
              "context": null,
              "code": "_SearchPage.default.search('vadideki zambak');\n_SearchPage.default.getInitialProductCount().then(initialCount => {\n  _SearchPage.default.scrollToBottomAndVerifyMoreProducts(initialCount);\n  _SearchPage.default.verifyUrlPageNumber();\n});",
              "err": {},
              "uuid": "964ea53c-5065-4d20-9a0e-4efbb82dfef6",
              "parentUUID": "fae2842d-b02d-4720-a77f-5d4388e7ace4",
              "isHook": false,
              "skipped": false
            }
          ],
          "suites": [],
          "passes": [
            "149df8bd-2ff0-4a0d-ab16-30ddfa04e610",
            "2e17482c-b865-434f-8a47-cf0d727229e4",
            "146836ce-d1d2-4e99-9744-46f009093815",
            "e874aa7c-f025-4fa3-be1a-058a729a403d",
            "93d93412-7a93-4d5c-83b1-2844417cd2cc",
            "89f1fed4-a742-481c-bd2e-00282b67f7f3",
            "2c06bf88-b821-4f14-a853-918ce303298b",
            "964ea53c-5065-4d20-9a0e-4efbb82dfef6"
          ],
          "failures": [],
          "pending": [],
          "skipped": [],
          "duration": 143580,
          "root": false,
          "rootEmpty": false,
          "_timeout": 2000
        }
      ],
      "passes": [],
      "failures": [],
      "pending": [],
      "skipped": [],
      "duration": 0,
      "root": true,
      "rootEmpty": true,
      "_timeout": 2000
    },
    {
      "uuid": "b01c9bbc-07f5-40b2-b0c2-48ad77c0356e",
      "title": "",
      "fullFile": "cypress\\e2e\\Login.cy.js",
      "file": "cypress\\e2e\\Login.cy.js",
      "beforeHooks": [],
      "afterHooks": [],
      "tests": [],
      "suites": [
        {
          "uuid": "f0582404-2d77-44e0-99e1-6ae5ff6a2272",
          "title": "US01 - Kullanici Giris Islemleri",
          "fullFile": "",
          "file": "",
          "beforeHooks": [],
          "afterHooks": [],
          "tests": [
            {
              "title": "TC01 - Giris Sayfasi Arayuz Dogrulamasi",
              "fullTitle": "US01 - Kullanici Giris Islemleri TC01 - Giris Sayfasi Arayuz Dogrulamasi",
              "timedOut": null,
              "duration": 3943,
              "state": "passed",
              "speed": "fast",
              "pass": true,
              "fail": false,
              "pending": false,
              "context": null,
              "code": "_LoginPage.default.navigateUrl();\n_LoginPage.default.clickAcceptCookiesButton();\n_LoginPage.default.clickAccountIcon();\n_LoginPage.default.verifyLoginPopupElementsVisible();",
              "err": {},
              "uuid": "a019b5ec-bda6-4913-a3e2-f3d804c91df7",
              "parentUUID": "f0582404-2d77-44e0-99e1-6ae5ff6a2272",
              "isHook": false,
              "skipped": false
            },
            {
              "title": "TC02 - Basarili Kayitli Kullanici Girisi",
              "fullTitle": "US01 - Kullanici Giris Islemleri TC02 - Basarili Kayitli Kullanici Girisi",
              "timedOut": null,
              "duration": 3606,
              "state": "passed",
              "speed": "fast",
              "pass": true,
              "fail": false,
              "pending": false,
              "context": null,
              "code": "_LoginPage.default.login('vawapi6457@artvara.com', '12345.Abc');\n_LoginPage.default.verifyHomepageLoaded();",
              "err": {},
              "uuid": "ac4e0cd5-c9d9-45b9-aadf-66fd52a6bcd1",
              "parentUUID": "f0582404-2d77-44e0-99e1-6ae5ff6a2272",
              "isHook": false,
              "skipped": false
            },
            {
              "title": "TC03 - Yanlis Sifre ile Giris",
              "fullTitle": "US01 - Kullanici Giris Islemleri TC03 - Yanlis Sifre ile Giris",
              "timedOut": null,
              "duration": 8218,
              "state": "passed",
              "speed": "medium",
              "pass": true,
              "fail": false,
              "pending": false,
              "context": null,
              "code": "_LoginPage.default.login('vawapi6457@artvara.com', 'asdf');\n_LoginPage.default.verifyLoginErrorMessage();",
              "err": {},
              "uuid": "587fd9f8-b5a2-416c-bc8b-ecc61559df90",
              "parentUUID": "f0582404-2d77-44e0-99e1-6ae5ff6a2272",
              "isHook": false,
              "skipped": false
            },
            {
              "title": "TC04 - Kayitli Olmayan E-posta ile Giris",
              "fullTitle": "US01 - Kullanici Giris Islemleri TC04 - Kayitli Olmayan E-posta ile Giris",
              "timedOut": null,
              "duration": 6331,
              "state": "passed",
              "speed": "medium",
              "pass": true,
              "fail": false,
              "pending": false,
              "context": null,
              "code": "_LoginPage.default.login('haleko9210@anysilo.com', '12345.Abc');\n_LoginPage.default.verifyLoginErrorMessage();",
              "err": {},
              "uuid": "9afee544-cd6d-4827-9d42-b70588cc49b5",
              "parentUUID": "f0582404-2d77-44e0-99e1-6ae5ff6a2272",
              "isHook": false,
              "skipped": false
            },
            {
              "title": "TC05 - Gecersiz E-posta Formati ile Giris",
              "fullTitle": "US01 - Kullanici Giris Islemleri TC05 - Gecersiz E-posta Formati ile Giris",
              "timedOut": null,
              "duration": 7356,
              "state": "passed",
              "speed": "medium",
              "pass": true,
              "fail": false,
              "pending": false,
              "context": null,
              "code": "_LoginPage.default.login('vawapi6457artvara.com', '12345.Abc');\n_LoginPage.default.verifyLoginErrorMessage();",
              "err": {},
              "uuid": "9f7f401e-d729-4a16-98d0-0e08b02df6c5",
              "parentUUID": "f0582404-2d77-44e0-99e1-6ae5ff6a2272",
              "isHook": false,
              "skipped": false
            },
            {
              "title": "TC06 - Bos Alanlar ile Giris",
              "fullTitle": "US01 - Kullanici Giris Islemleri TC06 - Bos Alanlar ile Giris",
              "timedOut": null,
              "duration": 5185,
              "state": "passed",
              "speed": "medium",
              "pass": true,
              "fail": false,
              "pending": false,
              "context": null,
              "code": "_LoginPage.default.navigateUrl();\n_LoginPage.default.clickAcceptCookiesButton();\n_LoginPage.default.clickAccountIcon();\n_LoginPage.default.clickLoginButton();\n_LoginPage.default.verifyLoginErrorMessage();",
              "err": {},
              "uuid": "6782d4f6-d579-40ea-9ca2-6bfcdab78664",
              "parentUUID": "f0582404-2d77-44e0-99e1-6ae5ff6a2272",
              "isHook": false,
              "skipped": false
            },
            {
              "title": "TC07 - Sifremi Unuttum Akisi",
              "fullTitle": "US01 - Kullanici Giris Islemleri TC07 - Sifremi Unuttum Akisi",
              "timedOut": null,
              "duration": 6128,
              "state": "passed",
              "speed": "medium",
              "pass": true,
              "fail": false,
              "pending": false,
              "context": null,
              "code": "_LoginPage.default.clickForgotPasswordLink();\n_LoginPage.default.verifyForgotPasswordPageLoaded();",
              "err": {},
              "uuid": "7d446985-7163-444e-8111-bff56ac7dcad",
              "parentUUID": "f0582404-2d77-44e0-99e1-6ae5ff6a2272",
              "isHook": false,
              "skipped": false
            },
            {
              "title": "TC08 - Tekrarlanan Hatali Giris",
              "fullTitle": "US01 - Kullanici Giris Islemleri TC08 - Tekrarlanan Hatali Giris",
              "timedOut": null,
              "duration": 11195,
              "state": "passed",
              "speed": "slow",
              "pass": true,
              "fail": false,
              "pending": false,
              "context": null,
              "code": "_LoginPage.default.navigateUrl();\n_LoginPage.default.clickAcceptCookiesButton();\n_LoginPage.default.clickAccountIcon();\nfor (let i = 0; i < 11; i++) {\n  _LoginPage.default.enterEmail('vawapi6457@artvara.com');\n  _LoginPage.default.enterPassword('asdf');\n  _LoginPage.default.clickLoginButton();\n}\n_LoginPage.default.verifyExcessiveLoginAttemptMessage();",
              "err": {},
              "uuid": "e944c8e0-aeb6-4c7b-bb64-208d37bf3e1c",
              "parentUUID": "f0582404-2d77-44e0-99e1-6ae5ff6a2272",
              "isHook": false,
              "skipped": false
            }
          ],
          "suites": [],
          "passes": [
            "a019b5ec-bda6-4913-a3e2-f3d804c91df7",
            "ac4e0cd5-c9d9-45b9-aadf-66fd52a6bcd1",
            "587fd9f8-b5a2-416c-bc8b-ecc61559df90",
            "9afee544-cd6d-4827-9d42-b70588cc49b5",
            "9f7f401e-d729-4a16-98d0-0e08b02df6c5",
            "6782d4f6-d579-40ea-9ca2-6bfcdab78664",
            "7d446985-7163-444e-8111-bff56ac7dcad",
            "e944c8e0-aeb6-4c7b-bb64-208d37bf3e1c"
          ],
          "failures": [],
          "pending": [],
          "skipped": [],
          "duration": 51962,
          "root": false,
          "rootEmpty": false,
          "_timeout": 2000
        }
      ],
      "passes": [],
      "failures": [],
      "pending": [],
      "skipped": [],
      "duration": 0,
      "root": true,
      "rootEmpty": true,
      "_timeout": 2000
    },
    {
      "uuid": "d99a8253-9665-4842-9216-c881c907df38",
      "title": "",
      "fullFile": "cypress\\e2e\\Cart.cy.js",
      "file": "cypress\\e2e\\Cart.cy.js",
      "beforeHooks": [],
      "afterHooks": [],
      "tests": [],
      "suites": [
        {
          "uuid": "e7b9f03a-ca6f-49a5-af05-f64189c7b034",
          "title": "US04 - Sepet Yönetimi ve Kontrolü",
          "fullFile": "",
          "file": "",
          "beforeHooks": [],
          "afterHooks": [],
          "tests": [
            {
              "title": "TC21 - Sepet Ikonu Islevselligi ve Ürün Bilgilerinin Dogrulamasi",
              "fullTitle": "US04 - Sepet Yönetimi ve Kontrolü TC21 - Sepet Ikonu Islevselligi ve Ürün Bilgilerinin Dogrulamasi",
              "timedOut": null,
              "duration": 75388,
              "state": "passed",
              "speed": "slow",
              "pass": true,
              "fail": false,
              "pending": false,
              "context": null,
              "code": "setDynamicPrices();\n_LoginPage.default.navigateUrl();\n_ProductDetailPage.default.clickCartIcon();\n_CartPage.default.verifyCartModalLoaded();\n// Alias'ları Kullanarak Doğrula\ncy.get('@cartTotal').then(cartTotal => {\n  cy.get('@shippingFee').then(shippingFee => {\n    const grandTotal = cartTotal + shippingFee;\n    _CartPage.default.verifyCartModalProductDetails(productName, piece);\n    _CartPage.default.verifyModalProductPrices(cartTotal, shippingFee, grandTotal);\n  });\n});",
              "err": {},
              "uuid": "7ba7715b-b3e8-46d6-bb86-a7d39124e738",
              "parentUUID": "e7b9f03a-ca6f-49a5-af05-f64189c7b034",
              "isHook": false,
              "skipped": false
            },
            {
              "title": "TC22 - Sepet-Sag Modal Kismindan Sepet Sayfasina Gecme",
              "fullTitle": "US04 - Sepet Yönetimi ve Kontrolü TC22 - Sepet-Sag Modal Kismindan Sepet Sayfasina Gecme",
              "timedOut": null,
              "duration": 22995,
              "state": "passed",
              "speed": "slow",
              "pass": true,
              "fail": false,
              "pending": false,
              "context": null,
              "code": "_SearchPage.default.clickProductCard();\n_ProductDetailPage.default.clickAddToCartButton();\n_ProductDetailPage.default.verifySuccessfulAddToCartMessage();\n_ProductDetailPage.default.closeAddToCartModal();\n_ProductDetailPage.default.clickCartIcon();\n_CartPage.default.clickGoToCartButton();\n_CartPage.default.verifyCartPageLoaded();",
              "err": {},
              "uuid": "f58e77ac-8548-4085-9ac0-f48646e73069",
              "parentUUID": "e7b9f03a-ca6f-49a5-af05-f64189c7b034",
              "isHook": false,
              "skipped": false
            },
            {
              "title": "TC23 - Ana sayfadan Sepet Sayfasina Gecme",
              "fullTitle": "US04 - Sepet Yönetimi ve Kontrolü TC23 - Ana sayfadan Sepet Sayfasina Gecme",
              "timedOut": null,
              "duration": 22496,
              "state": "passed",
              "speed": "slow",
              "pass": true,
              "fail": false,
              "pending": false,
              "context": null,
              "code": "_SearchPage.default.clickAddToCartOnHover();\n_ProductDetailPage.default.verifySuccessfulAddToCartMessage();\n_ProductDetailPage.default.clickGoToCartButton();\n_CartPage.default.verifyCartPageLoaded();",
              "err": {},
              "uuid": "519f0e7f-e028-4c80-95dc-ef34bb2509d2",
              "parentUUID": "e7b9f03a-ca6f-49a5-af05-f64189c7b034",
              "isHook": false,
              "skipped": false
            },
            {
              "title": "TC24 - Ürün Detay Sayfasindan Sepet Sayfasina Giderek Ürün Bilgilerini Dogrulamasi",
              "fullTitle": "US04 - Sepet Yönetimi ve Kontrolü TC24 - Ürün Detay Sayfasindan Sepet Sayfasina Giderek Ürün Bilgilerini Dogrulamasi",
              "timedOut": null,
              "duration": 19856,
              "state": "passed",
              "speed": "slow",
              "pass": true,
              "fail": false,
              "pending": false,
              "context": null,
              "code": "setDynamicPrices();\ncy.get('@cartTotal').then(cartTotal => {\n  _CartPage.default.verifyCartPageDetails(productName, cartTotal);\n});",
              "err": {},
              "uuid": "f3b7760e-de8f-4034-9958-c3570036e99e",
              "parentUUID": "e7b9f03a-ca6f-49a5-af05-f64189c7b034",
              "isHook": false,
              "skipped": false
            },
            {
              "title": "TC25 - Ürün Adedi Artirildiginda Fiyatlarin Güncellenmesi",
              "fullTitle": "US04 - Sepet Yönetimi ve Kontrolü TC25 - Ürün Adedi Artirildiginda Fiyatlarin Güncellenmesi",
              "timedOut": null,
              "duration": 20199,
              "state": "passed",
              "speed": "slow",
              "pass": true,
              "fail": false,
              "pending": false,
              "context": null,
              "code": "setDynamicPrices();\ncy.get('@cartTotal').then(cartTotal => {\n  cy.get('@shippingFee').then(shippingFee => {\n    let initialQuantity;\n    // Mevcut değerleri alır\n    _CartPage.default.getQuantityInput().invoke('val').then(val => {\n      initialQuantity = parseInt(val);\n    }).then(() => {\n      // Miktarı Artır\n      _CartPage.default.increaseProductQuantity(productName);\n      const expectedNewQuantity = initialQuantity + 1;\n      const expectedNewProductTotal = expectedNewQuantity * cartTotal;\n      const expectedNewShippingFee = getExpectedShippingFee(expectedNewProductTotal, shippingFee);\n      const expectedNewGrandTotal = expectedNewProductTotal + expectedNewShippingFee;\n      _CartPage.default.verifyProductQuantity(productName, expectedNewQuantity);\n      _CartPage.default.verifyProductTotalPrice(productName, expectedNewProductTotal);\n      _CartPage.default.verifyGrandTotal(expectedNewGrandTotal);\n    });\n  });\n});",
              "err": {},
              "uuid": "3dc10d46-50db-45ea-b537-8c4f60285833",
              "parentUUID": "e7b9f03a-ca6f-49a5-af05-f64189c7b034",
              "isHook": false,
              "skipped": false
            },
            {
              "title": "TC26 - Ürün Adedi Azaltildiginda Fiyatlarin Güncellenmesi",
              "fullTitle": "US04 - Sepet Yönetimi ve Kontrolü TC26 - Ürün Adedi Azaltildiginda Fiyatlarin Güncellenmesi",
              "timedOut": null,
              "duration": 19734,
              "state": "passed",
              "speed": "slow",
              "pass": true,
              "fail": false,
              "pending": false,
              "context": null,
              "code": "setDynamicPrices();\ncy.get('@cartTotal').then(cartTotal => {\n  cy.get('@shippingFee').then(shippingFee => {\n    let initialQuantity;\n    // Mevcut değerleri alır\n    _CartPage.default.getQuantityInput().invoke('val').then(val => {\n      initialQuantity = parseInt(val);\n    }).then(() => {\n      // Miktarı Azaltır \n      _CartPage.default.decreaseProductQuantity(productName);\n      const expectedNewQuantity = initialQuantity - 1;\n      const expectedNewProductTotal = expectedNewQuantity * cartTotal;\n      const expectedNewShippingFee = getExpectedShippingFee(expectedNewProductTotal, shippingFee);\n      const expectedNewGrandTotal = expectedNewProductTotal + expectedNewShippingFee;\n      _CartPage.default.verifyProductQuantity(productName, expectedNewQuantity);\n      _CartPage.default.verifyProductTotalPrice(productName, expectedNewProductTotal);\n      _CartPage.default.verifyGrandTotal(expectedNewGrandTotal);\n    });\n  });\n});",
              "err": {},
              "uuid": "cb33f48e-1538-4f4e-9110-ceeb1949456e",
              "parentUUID": "e7b9f03a-ca6f-49a5-af05-f64189c7b034",
              "isHook": false,
              "skipped": false
            },
            {
              "title": "TC27 - (Çöp İkonu ile) Sepetten Tek Ürün Silme ve Güncelleme",
              "fullTitle": "US04 - Sepet Yönetimi ve Kontrolü TC27 - (Çöp İkonu ile) Sepetten Tek Ürün Silme ve Güncelleme",
              "timedOut": null,
              "duration": 21088,
              "state": "passed",
              "speed": "slow",
              "pass": true,
              "fail": false,
              "pending": false,
              "context": null,
              "code": "_SearchPage.default.clickAddToCartOnHover();\n_ProductDetailPage.default.verifySuccessfulAddToCartMessage();\n_ProductDetailPage.default.clickGoToCartButton();\n_CartPage.default.verifyCartPageLoaded();\n_CartPage.default.clickRemoveProductIcon(productName);\n_CartPage.default.confirmRemovalInModal();\n_CartPage.default.verifyEmptyCartMessage();",
              "err": {},
              "uuid": "1618461b-d49d-44f1-a8b4-9c0a199af748",
              "parentUUID": "e7b9f03a-ca6f-49a5-af05-f64189c7b034",
              "isHook": false,
              "skipped": false
            },
            {
              "title": "TC28 - Sepeti Tamamen Bosaltma",
              "fullTitle": "US04 - Sepet Yönetimi ve Kontrolü TC28 - Sepeti Tamamen Bosaltma",
              "timedOut": null,
              "duration": 21156,
              "state": "passed",
              "speed": "slow",
              "pass": true,
              "fail": false,
              "pending": false,
              "context": null,
              "code": "_SearchPage.default.clickAddToCartOnHover();\n_ProductDetailPage.default.verifySuccessfulAddToCartMessage();\n_ProductDetailPage.default.clickGoToCartButton();\n_CartPage.default.verifyCartPageLoaded();\n_CartPage.default.clickEmptyCartButton();\n_CartPage.default.getCartIconCount();\n_CartPage.default.verifyEmptyCartMessage();\n_CartPage.default.verifyContinueShoppingButtonVisible();",
              "err": {},
              "uuid": "052efbd4-73df-4546-8d98-c3dfb1087e44",
              "parentUUID": "e7b9f03a-ca6f-49a5-af05-f64189c7b034",
              "isHook": false,
              "skipped": false
            }
          ],
          "suites": [],
          "passes": [
            "7ba7715b-b3e8-46d6-bb86-a7d39124e738",
            "f58e77ac-8548-4085-9ac0-f48646e73069",
            "519f0e7f-e028-4c80-95dc-ef34bb2509d2",
            "f3b7760e-de8f-4034-9958-c3570036e99e",
            "3dc10d46-50db-45ea-b537-8c4f60285833",
            "cb33f48e-1538-4f4e-9110-ceeb1949456e",
            "1618461b-d49d-44f1-a8b4-9c0a199af748",
            "052efbd4-73df-4546-8d98-c3dfb1087e44"
          ],
          "failures": [],
          "pending": [],
          "skipped": [],
          "duration": 222912,
          "root": false,
          "rootEmpty": false,
          "_timeout": 2000
        }
      ],
      "passes": [],
      "failures": [],
      "pending": [],
      "skipped": [],
      "duration": 0,
      "root": true,
      "rootEmpty": true,
      "_timeout": 2000
    }
  ],
  "meta": {
    "mocha": {
      "version": "7.2.0"
    },
    "mochawesome": {
      "options": {
        "quiet": false,
        "reportFilename": "mochawesome",
        "saveHtml": false,
        "saveJson": true,
        "consoleReporter": "spec",
        "useInlineDiffs": false,
        "code": true
      },
      "version": "7.1.4"
    },
    "marge": {
      "options": {
        "reportDir": "cypress/reports/mochawesome",
        "overwrite": false,
        "html": false,
        "json": true,
        "timestamp": false
      },
      "version": "6.3.0"
    }
  }
}